<?xml version="1.0" encoding="UTF-8"?>
<!-- Generated by org.testng.reporters.JUnitXMLReporter -->
<testsuite ignored="0" hostname="LAPTOP-9S39B2OB" failures="1" tests="2" name="Error validation Test" time="30.756" errors="0" timestamp="2024-07-30T18:27:54 IST">
  <testcase classname="rahulshettyacademy.tests.ErrorValidationTest" name="loginerrorvalidation" time="0.845">
    <failure type="java.lang.AssertionError" message="expected [Incorrect email or password.] but found [Incorrect email or password]">
      <![CDATA[java.lang.AssertionError: expected [Incorrect email or password.] but found [Incorrect email or password]
at rahulshettyacademy.tests.ErrorValidationTest.loginerrorvalidation(ErrorValidationTest.java:34)
at java.base/java.util.ArrayList.forEach(ArrayList.java:1511)
at java.base/java.util.concurrent.FutureTask.run(FutureTask.java:264)
at java.base/java.util.concurrent.ThreadPoolExecutor.runWorker(ThreadPoolExecutor.java:1136)
at java.base/java.util.concurrent.ThreadPoolExecutor$Worker.run(ThreadPoolExecutor.java:635)
at java.base/java.lang.Thread.run(Thread.java:840)
... Removed 23 stack frames]]>
    </failure>
  </testcase> <!-- loginerrorvalidation -->
  <testcase classname="rahulshettyacademy.tests.ErrorValidationTest" name="producterrorvalidation" time="2.898"/>
</testsuite> <!-- Error validation Test -->
